<?xml version="1.0" encoding="UTF-8"?>
<!-- Generated by org.testng.reporters.JUnitReportReporter -->
<testsuite hostname="LAPTOP-A0510HNN" failures="0" tests="1" name="jan31.Role_propertyfile" time="20.262" errors="0" timestamp="2024-02-03T23:32:50 IST" skipped="0">
  <testcase classname="jan31.Role_propertyfile" name="starttest" time="20.262">
    <system-out>
      <![CDATA[New Role with id 11 Created Sucessfully]]>
    </system-out>
  </testcase> <!-- starttest -->
  <system-out>
    <![CDATA[New Role with id 11 Created Sucessfully]]>
  </system-out>
</testsuite> <!-- jan31.Role_propertyfile -->
