<?xml version="1.0" encoding="UTF-8"?>
<!-- Generated by org.testng.reporters.JUnitReportReporter -->
<testsuite hostname="LAPTOP-A0510HNN" failures="0" tests="1" name="feb1.Using_PropertyFiles" time="12.570" errors="0" timestamp="2024-02-03T01:02:29 IST" skipped="0">
  <testcase classname="feb1.Using_PropertyFiles" name="startTest" time="12.570">
    <system-out>
      <![CDATA[New Branch with id 104 created Sucessfully]]>
    </system-out>
  </testcase> <!-- startTest -->
  <system-out>
    <![CDATA[New Branch with id 104 created Sucessfully]]>
  </system-out>
</testsuite> <!-- feb1.Using_PropertyFiles -->
