<?xml version="1.0" encoding="UTF-8"?>
<!-- Generated by org.testng.reporters.JUnitReportReporter -->
<testsuite hostname="LAPTOP-A0510HNN" failures="0" tests="2" name="feb2.AdvanceReports" time="17.442" errors="0" timestamp="2024-02-03T11:39:03 IST" skipped="0">
  <testcase classname="feb2.AdvanceReports" name="TestFail" time="5.586"/>
  <testcase classname="feb2.AdvanceReports" name="TestPass" time="11.856"/>
</testsuite> <!-- feb2.AdvanceReports -->
